<?xml version="1.0" encoding="UTF-8"?>
<testng-results ignored="0" total="2" passed="2" failed="0" skipped="0">
  <reporter-output>
  </reporter-output>
  <suite started-at="2023-12-08T14:07:29 IST" name="Default suite" finished-at="2023-12-08T14:07:31 IST" duration-ms="1148">
    <groups>
    </groups>
    <test started-at="2023-12-08T14:07:29 IST" name="Default test" finished-at="2023-12-08T14:07:31 IST" duration-ms="1148">
      <class name="storeprocedure.sanityCheck">
        <test-method is-config="true" signature="setup()[pri:0, instance:storeprocedure.sanityCheck@179ece50]" started-at="2023-12-08T14:07:29 IST" name="setup" finished-at="2023-12-08T14:07:30 IST" duration-ms="880" status="PASS">
          <reporter-output>
          </reporter-output>
        </test-method> <!-- setup -->
        <test-method signature="checkStoredProcedureStatus()[pri:1, instance:storeprocedure.sanityCheck@179ece50]" started-at="2023-12-08T14:07:30 IST" name="checkStoredProcedureStatus" finished-at="2023-12-08T14:07:30 IST" duration-ms="64" status="PASS">
          <reporter-output>
          </reporter-output>
        </test-method> <!-- checkStoredProcedureStatus -->
        <test-method signature="sanityCheckforElectricity()[pri:2, instance:storeprocedure.sanityCheck@179ece50]" started-at="2023-12-08T14:07:30 IST" name="sanityCheckforElectricity" finished-at="2023-12-08T14:07:31 IST" duration-ms="112" status="PASS">
          <reporter-output>
          </reporter-output>
        </test-method> <!-- sanityCheckforElectricity -->
        <test-method is-config="true" signature="teardown()[pri:0, instance:storeprocedure.sanityCheck@179ece50]" started-at="2023-12-08T14:07:31 IST" name="teardown" finished-at="2023-12-08T14:07:31 IST" duration-ms="3" status="PASS">
          <reporter-output>
          </reporter-output>
        </test-method> <!-- teardown -->
      </class> <!-- storeprocedure.sanityCheck -->
    </test> <!-- Default test -->
  </suite> <!-- Default suite -->
</testng-results>
